<?xml version="1.0" encoding="utf-8"?><testsuites name="pytest tests"><testsuite name="pytest" errors="0" failures="0" skipped="0" tests="8" time="1.593" timestamp="2026-04-17T07:06:53.952210+00:00" hostname="agent-env-9a6e5a32-b1a5-4d7a-8a50-8ecf198600bd"><testcase classname="tests.test_users_search.TestUsersSearch" name="test_search_requires_auth" time="0.310" /><testcase classname="tests.test_users_search.TestUsersSearch" name="test_search_empty_query" time="0.321" /><testcase classname="tests.test_users_search.TestUsersSearch" name="test_search_short_query" time="0.043" /><testcase classname="tests.test_users_search.TestUsersSearch" name="test_search_excludes_self" time="0.044" /><testcase classname="tests.test_users_search.TestUsersSearch" name="test_search_case_insensitive" time="0.358" /><testcase classname="tests.test_users_search.TestUsersSearch" name="test_search_returns_cross_user_results" time="0.362" /><testcase classname="tests.test_users_search.TestUsersSearch" name="test_search_result_structure" time="0.044" /><testcase classname="tests.test_users_search.TestUsersSearch" name="test_search_limit_10_results" time="0.084" /></testsuite></testsuites>