<?xml version="1.0" encoding="utf-8"?><testsuites name="pytest tests"><testsuite name="pytest" errors="0" failures="0" skipped="0" tests="21" time="2.998" timestamp="2026-04-17T06:22:09.231968+00:00" hostname="agent-env-9a6e5a32-b1a5-4d7a-8a50-8ecf198600bd"><testcase classname="tests.test_auth.TestAuth" name="test_register_new_user" time="0.499" /><testcase classname="tests.test_auth.TestAuth" name="test_register_duplicate_email" time="0.071" /><testcase classname="tests.test_auth.TestAuth" name="test_login_seeded_user" time="0.275" /><testcase classname="tests.test_auth.TestAuth" name="test_login_invalid_credentials" time="0.275" /><testcase classname="tests.test_auth.TestAuth" name="test_get_me_with_token" time="0.347" /><testcase classname="tests.test_auth.TestAuth" name="test_get_me_without_token" time="0.071" /><testcase classname="tests.test_discover_convoy_sos.TestDiscover" name="test_discover_returns_public_trips_only" time="0.072" /><testcase classname="tests.test_discover_convoy_sos.TestConvoy" name="test_get_convoy_for_trip" time="0.124" /><testcase classname="tests.test_discover_convoy_sos.TestConvoy" name="test_convoy_nonexistent_trip" time="0.053" /><testcase classname="tests.test_discover_convoy_sos.TestSOS" name="test_trigger_sos" time="0.056" /><testcase classname="tests.test_discover_convoy_sos.TestSOS" name="test_get_active_sos" time="0.115" /><testcase classname="tests.test_discover_convoy_sos.TestSOS" name="test_resolve_sos" time="0.162" /><testcase classname="tests.test_discover_convoy_sos.TestSOS" name="test_resolve_nonexistent_sos" time="0.054" /><testcase classname="tests.test_trips.TestTrips" name="test_get_all_trips" time="0.053" /><testcase classname="tests.test_trips.TestTrips" name="test_get_trips_by_status_planned" time="0.055" /><testcase classname="tests.test_trips.TestTrips" name="test_get_trips_by_status_completed" time="0.054" /><testcase classname="tests.test_trips.TestTrips" name="test_create_trip" time="0.113" /><testcase classname="tests.test_trips.TestTrips" name="test_start_trip_updates_status" time="0.105" /><testcase classname="tests.test_trips.TestTrips" name="test_complete_trip_updates_stats" time="0.220" /><testcase classname="tests.test_trips.TestTrips" name="test_get_trip_by_id" time="0.104" /><testcase classname="tests.test_trips.TestTrips" name="test_get_nonexistent_trip" time="0.056" /></testsuite></testsuites>