<?xml version="1.0" encoding="utf-8"?><testsuites name="pytest tests"><testsuite name="pytest" errors="0" failures="2" skipped="0" tests="42" time="6.233" timestamp="2026-04-17T07:06:59.924121+00:00" hostname="agent-env-9a6e5a32-b1a5-4d7a-8a50-8ecf198600bd"><testcase classname="tests.test_auth.TestAuth" name="test_register_new_user" time="0.380" /><testcase classname="tests.test_auth.TestAuth" name="test_register_duplicate_email" time="0.044" /><testcase classname="tests.test_auth.TestAuth" name="test_login_seeded_user" time="0.282"><failure message="AssertionError: assert 'TEST_Full Update' == 'Arjun Mehra'&#10;  &#10;  - Arjun Mehra&#10;  + TEST_Full Update">tests/test_auth.py:61: in test_login_seeded_user
    assert data["user"]["name"] == test_user_credentials["name"]
E   AssertionError: assert 'TEST_Full Update' == 'Arjun Mehra'
E     
E     - Arjun Mehra
E     + TEST_Full Update</failure></testcase><testcase classname="tests.test_auth.TestAuth" name="test_login_invalid_credentials" time="0.268" /><testcase classname="tests.test_auth.TestAuth" name="test_get_me_with_token" time="0.311"><failure message="AssertionError: assert 'TEST_Full Update' == 'Arjun Mehra'&#10;  &#10;  - Arjun Mehra&#10;  + TEST_Full Update">tests/test_auth.py:94: in test_get_me_with_token
    assert user["name"] == "Arjun Mehra"
E   AssertionError: assert 'TEST_Full Update' == 'Arjun Mehra'
E     
E     - Arjun Mehra
E     + TEST_Full Update</failure></testcase><testcase classname="tests.test_auth.TestAuth" name="test_get_me_without_token" time="0.042" /><testcase classname="tests.test_discover_convoy_sos.TestDiscover" name="test_discover_returns_public_trips_only" time="0.044" /><testcase classname="tests.test_discover_convoy_sos.TestConvoy" name="test_get_convoy_for_trip" time="0.090" /><testcase classname="tests.test_discover_convoy_sos.TestConvoy" name="test_convoy_nonexistent_trip" time="0.046" /><testcase classname="tests.test_discover_convoy_sos.TestSOS" name="test_trigger_sos" time="0.047" /><testcase classname="tests.test_discover_convoy_sos.TestSOS" name="test_get_active_sos" time="0.087" /><testcase classname="tests.test_discover_convoy_sos.TestSOS" name="test_resolve_sos" time="0.135" /><testcase classname="tests.test_discover_convoy_sos.TestSOS" name="test_resolve_nonexistent_sos" time="0.043" /><testcase classname="tests.test_places_profile.TestPlacesSearch" name="test_search_hampi_returns_results" time="0.175" /><testcase classname="tests.test_places_profile.TestPlacesSearch" name="test_search_empty_query" time="0.046" /><testcase classname="tests.test_places_profile.TestPlacesSearch" name="test_search_short_query" time="0.045" /><testcase classname="tests.test_places_profile.TestPlacesSearch" name="test_search_requires_auth" time="0.046" /><testcase classname="tests.test_places_profile.TestPlacesElevation" name="test_elevation_single_point" time="0.740" /><testcase classname="tests.test_places_profile.TestPlacesElevation" name="test_elevation_multiple_points" time="0.646" /><testcase classname="tests.test_places_profile.TestPlacesElevation" name="test_elevation_empty_points" time="0.042" /><testcase classname="tests.test_places_profile.TestPlacesElevation" name="test_elevation_requires_auth" time="0.041" /><testcase classname="tests.test_places_profile.TestProfileUpdate" name="test_update_name" time="0.270" /><testcase classname="tests.test_places_profile.TestProfileUpdate" name="test_update_bike" time="0.091" /><testcase classname="tests.test_places_profile.TestProfileUpdate" name="test_update_emergency_contacts" time="0.087" /><testcase classname="tests.test_places_profile.TestProfileUpdate" name="test_update_all_fields" time="0.047" /><testcase classname="tests.test_places_profile.TestProfileUpdate" name="test_update_requires_auth" time="0.086" /><testcase classname="tests.test_trips.TestTrips" name="test_get_all_trips" time="0.046" /><testcase classname="tests.test_trips.TestTrips" name="test_get_trips_by_status_planned" time="0.047" /><testcase classname="tests.test_trips.TestTrips" name="test_get_trips_by_status_completed" time="0.043" /><testcase classname="tests.test_trips.TestTrips" name="test_create_trip" time="0.132" /><testcase classname="tests.test_trips.TestTrips" name="test_start_trip_updates_status" time="0.087" /><testcase classname="tests.test_trips.TestTrips" name="test_complete_trip_updates_stats" time="0.441" /><testcase classname="tests.test_trips.TestTrips" name="test_get_trip_by_id" time="0.090" /><testcase classname="tests.test_trips.TestTrips" name="test_get_nonexistent_trip" time="0.046" /><testcase classname="tests.test_users_search.TestUsersSearch" name="test_search_requires_auth" time="0.041" /><testcase classname="tests.test_users_search.TestUsersSearch" name="test_search_empty_query" time="0.042" /><testcase classname="tests.test_users_search.TestUsersSearch" name="test_search_short_query" time="0.043" /><testcase classname="tests.test_users_search.TestUsersSearch" name="test_search_excludes_self" time="0.084" /><testcase classname="tests.test_users_search.TestUsersSearch" name="test_search_case_insensitive" time="0.393" /><testcase classname="tests.test_users_search.TestUsersSearch" name="test_search_returns_cross_user_results" time="0.361" /><testcase classname="tests.test_users_search.TestUsersSearch" name="test_search_result_structure" time="0.047" /><testcase classname="tests.test_users_search.TestUsersSearch" name="test_search_limit_10_results" time="0.048" /></testsuite></testsuites>